\BOOKMARK [1][-]{section.1}{\376\377\000P\000u\000r\000p\000o\000s\000e}{}% 1
\BOOKMARK [1][-]{section.2}{\376\377\000T\000h\000e\000o\000r\000y}{}% 2
\BOOKMARK [1][-]{section.3}{\376\377\000E\000x\000p\000e\000r\000i\000m\000e\000n\000t\000\040\000A\000n\000a\000l\000y\000s\000i\000s}{}% 3
\BOOKMARK [1][-]{section.4}{\376\377\000P\000r\000o\000c\000e\000d\000u\000r\000e}{}% 4
\BOOKMARK [2][-]{subsection.4.1}{\376\377\000M\000e\000a\000s\000u\000r\000e\000m\000e\000n\000t\000\040\000o\000f\000\040\000C\000a\000p\000a\000c\000i\000t\000a\000n\000c\000e\000\040\000U\000s\000i\000n\000g\000\040\000a\000\040\000M\000u\000l\000t\000i\000-\000M\000e\000t\000e\000r}{section.4}% 5
\BOOKMARK [2][-]{subsection.4.2}{\376\377\000M\000e\000a\000s\000u\000r\000e\000m\000e\000n\000t\000\040\000o\000f\000\040\000E\000q\000u\000i\000v\000a\000l\000e\000n\000t\000\040\000C\000a\000p\000a\000c\000i\000t\000a\000n\000c\000e\000\040\000i\000n\000\040\000S\000e\000r\000i\000e\000s}{section.4}% 6
\BOOKMARK [2][-]{subsection.4.3}{\376\377\000M\000e\000a\000s\000u\000r\000e\000m\000e\000n\000t\000\040\000o\000f\000\040\000E\000q\000u\000i\000v\000a\000l\000e\000n\000t\000\040\000C\000a\000p\000a\000c\000i\000t\000a\000n\000c\000e\000\040\000i\000n\000\040\000P\000a\000r\000a\000l\000l\000e\000l}{section.4}% 7
\BOOKMARK [2][-]{subsection.4.4}{\376\377\000M\000e\000a\000s\000u\000r\000e\000m\000e\000n\000t\000\040\000o\000f\000\040\000E\000q\000u\000i\000v\000a\000l\000e\000n\000t\000\040\000C\000a\000p\000a\000c\000i\000t\000a\000n\000c\000e\000\040\000f\000o\000r\000\040\000B\000o\000t\000h\000\040\000S\000e\000r\000i\000e\000s\000\040\000a\000n\000d\000\040\000P\000a\000r\000a\000l\000l\000e\000l}{section.4}% 8
\BOOKMARK [1][-]{section.5}{\376\377\000D\000a\000t\000a\000\040\000a\000n\000d\000\040\000G\000r\000a\000p\000h\000s}{}% 9
\BOOKMARK [2][-]{subsection.5.1}{\376\377\000P\000a\000r\000t\000\040\0001}{section.5}% 10
\BOOKMARK [2][-]{subsection.5.2}{\376\377\000P\000a\000r\000t\000\040\0002}{section.5}% 11
\BOOKMARK [2][-]{subsection.5.3}{\376\377\000P\000a\000r\000t\000\040\0003}{section.5}% 12
\BOOKMARK [1][-]{section.6}{\376\377\000C\000a\000l\000c\000u\000l\000a\000t\000i\000o\000n\000s\000\040\000a\000n\000d\000\040\000R\000e\000s\000u\000l\000t\000s}{}% 13
\BOOKMARK [2][-]{subsection.6.1}{\376\377\000P\000a\000r\000t\000\040\0001}{section.6}% 14
\BOOKMARK [2][-]{subsection.6.2}{\376\377\000P\000a\000r\000t\000\040\0002}{section.6}% 15
\BOOKMARK [2][-]{subsection.6.3}{\376\377\000P\000a\000r\000t\000\040\0003}{section.6}% 16
\BOOKMARK [2][-]{subsection.6.4}{\376\377\000P\000a\000r\000t\000\040\0004}{section.6}% 17
\BOOKMARK [2][-]{subsection.6.5}{\376\377\000P\000a\000r\000t\000\040\0005}{section.6}% 18
\BOOKMARK [2][-]{subsection.6.6}{\376\377\000P\000a\000r\000t\000\040\0006}{section.6}% 19
\BOOKMARK [1][-]{section.7}{\376\377\000Q\000u\000e\000s\000t\000i\000o\000n\000s}{}% 20
\BOOKMARK [2][-]{subsection.7.1}{\376\377\000C\000i\000r\000c\000u\000i\000t\000\040\0001}{section.7}% 21
\BOOKMARK [2][-]{subsection.7.2}{\376\377\000C\000i\000r\000c\000u\000i\000t\000\040\0002}{section.7}% 22
\BOOKMARK [1][-]{section.8}{\376\377\000C\000o\000n\000c\000l\000u\000s\000i\000o\000n}{}% 23
