\BOOKMARK [1][-]{section.1}{\376\377\000P\000u\000r\000p\000o\000s\000e}{}% 1
\BOOKMARK [1][-]{section.2}{\376\377\000T\000h\000e\000o\000r\000y}{}% 2
\BOOKMARK [1][-]{section.3}{\376\377\000E\000x\000p\000e\000r\000i\000m\000e\000n\000t\000\040\000A\000n\000a\000l\000y\000s\000i\000s}{}% 3
<<<<<<< HEAD
\BOOKMARK [1][-]{section.4}{\376\377\000P\000r\000o\000c\000e\000d\000u\000r\000e}{}% 4
\BOOKMARK [1][-]{section.5}{\376\377\000D\000a\000t\000a\000\040\000a\000n\000d\000\040\000G\000r\000a\000p\000h\000s}{}% 5
\BOOKMARK [2][-]{subsection.5.1}{\376\377\000M\000e\000a\000s\000u\000r\000e\000m\000e\000n\000t\000\040\000o\000f\000\040\000t\000h\000e\000\040\000r\000e\000s\000i\000s\000t\000i\000v\000i\000t\000y\000\040}{section.5}% 6
\BOOKMARK [2][-]{subsection.5.2}{\376\377\000W\000h\000e\000a\000t\000s\000t\000o\000n\000e\000\040\000B\000r\000i\000d\000g\000e}{section.5}% 7
\BOOKMARK [1][-]{section.6}{\376\377\000C\000a\000l\000c\000u\000l\000a\000t\000i\000o\000n\000s\000\040\000a\000n\000d\000\040\000R\000e\000s\000u\000l\000t\000s}{}% 8
\BOOKMARK [2][-]{subsection.6.1}{\376\377\000M\000e\000a\000s\000u\000r\000e\000m\000e\000n\000t\000\040\000o\000f\000\040\000t\000h\000e\000\040\000r\000e\000s\000i\000s\000t\000i\000v\000i\000t\000y\000\040}{section.6}% 9
\BOOKMARK [2][-]{subsection.6.2}{\376\377\000W\000h\000e\000a\000t\000s\000t\000o\000n\000e\000\040\000B\000r\000i\000d\000g\000e}{section.6}% 10
\BOOKMARK [1][-]{section.7}{\376\377\000C\000o\000n\000c\000l\000u\000s\000i\000o\000n}{}% 11
=======
\BOOKMARK [2][-]{subsection.3.1}{\376\377\000M\000e\000a\000s\000u\000r\000e\000m\000e\000n\000t\000\040\000o\000f\000\040\000t\000h\000e\000\040\000r\000e\000s\000i\000s\000t\000i\000v\000i\000t\000y\000\040}{section.3}% 4
\BOOKMARK [2][-]{subsection.3.2}{\376\377\000P\000a\000r\000t\000\040\0002}{section.3}% 5
\BOOKMARK [1][-]{section.4}{\376\377\000P\000r\000o\000c\000e\000d\000u\000r\000e}{}% 6
\BOOKMARK [1][-]{section.5}{\376\377\000D\000a\000t\000a\000\040\000a\000n\000d\000\040\000G\000r\000a\000p\000h\000s}{}% 7
\BOOKMARK [2][-]{subsection.5.1}{\376\377\000P\000a\000r\000t\000\040\0001}{section.5}% 8
\BOOKMARK [2][-]{subsection.5.2}{\376\377\000P\000a\000r\000t\000\040\0002}{section.5}% 9
\BOOKMARK [2][-]{subsection.5.3}{\376\377\000P\000a\000r\000t\000\040\0003}{section.5}% 10
\BOOKMARK [1][-]{section.6}{\376\377\000R\000e\000s\000u\000l\000t\000s}{}% 11
\BOOKMARK [1][-]{section.7}{\376\377\000C\000o\000n\000c\000l\000u\000s\000i\000o\000n}{}% 12
>>>>>>> origin/gaming-branch
